<?xml version="1.0" encoding="UTF-8"?>
<testng-results skipped="0" failed="0" ignored="0" total="1" passed="1">
  <reporter-output>
  </reporter-output>
  <suite name="Default suite" duration-ms="79701" started-at="2020-08-09T17:18:26Z" finished-at="2020-08-09T17:19:46Z">
    <groups>
    </groups>
    <test name="Default test" duration-ms="79701" started-at="2020-08-09T17:18:26Z" finished-at="2020-08-09T17:19:46Z">
      <class name="com.flipkart.testcases.FlipkartEndtoEndTC">
        <test-method status="PASS" signature="flipkart()[pri:0, instance:com.flipkart.testcases.FlipkartEndtoEndTC@73ad2d6]" name="flipkart" duration-ms="79674" started-at="2020-08-09T17:18:26Z" finished-at="2020-08-09T17:19:46Z">
          <reporter-output>
          </reporter-output>
        </test-method> <!-- flipkart -->
      </class> <!-- com.flipkart.testcases.FlipkartEndtoEndTC -->
    </test> <!-- Default test -->
  </suite> <!-- Default suite -->
</testng-results>
